<?xml version="1.0" encoding="UTF-8"?>
<testng-results ignored="0" total="1" passed="1" failed="0" skipped="0">
  <reporter-output>
  </reporter-output>
  <suite started-at="2022-02-23T13:33:00Z" name="Default suite" finished-at="2022-02-23T13:33:21Z" duration-ms="21055">
    <groups>
    </groups>
    <test started-at="2022-02-23T13:33:00Z" name="Default test" finished-at="2022-02-23T13:33:21Z" duration-ms="21055">
      <class name="com.vallabh.TestNGdemo">
        <test-method is-config="true" signature="init()[pri:0, instance:com.vallabh.TestNGdemo@4b013c76]" started-at="2022-02-23T13:33:00Z" name="init" finished-at="2022-02-23T13:33:11Z" duration-ms="11432" status="PASS">
          <reporter-output>
          </reporter-output>
        </test-method> <!-- init -->
        <test-method signature="login()[pri:0, instance:com.vallabh.TestNGdemo@4b013c76]" started-at="2022-02-23T13:33:11Z" name="login" finished-at="2022-02-23T13:33:19Z" duration-ms="8394" status="PASS">
          <reporter-output>
          </reporter-output>
        </test-method> <!-- login -->
        <test-method is-config="true" signature="exit()[pri:0, instance:com.vallabh.TestNGdemo@4b013c76]" started-at="2022-02-23T13:33:19Z" name="exit" finished-at="2022-02-23T13:33:21Z" duration-ms="1199" status="PASS">
          <reporter-output>
          </reporter-output>
        </test-method> <!-- exit -->
      </class> <!-- com.vallabh.TestNGdemo -->
    </test> <!-- Default test -->
  </suite> <!-- Default suite -->
</testng-results>
