<?xml version="1.0" encoding="UTF-8"?>
<!-- Generated by org.testng.reporters.JUnitXMLReporter -->
<testsuite ignored="0" hostname="Vallabh" failures="0" tests="1" name="Test2" time="0.08" errors="0" timestamp="10 Mar 2022 06:03:50 GMT">
  <testcase classname="com.vallabh.ExtentTest" name="@BeforeTest launchBrowser" time="0.07">
    <failure type="java.lang.IllegalStateException" message="The driver executable does not exist: C:\Users\91906\eclipse-workspace\AmazonDemo\src\test\resources\browsers\geckodriver.exe">
      <![CDATA[java.lang.IllegalStateException: The driver executable does not exist: C:\Users\91906\eclipse-workspace\AmazonDemo\src\test\resources\browsers\geckodriver.exe
at com.google.common.base.Preconditions.checkState(Preconditions.java:585)
at org.openqa.selenium.remote.service.DriverService.checkExecutable(DriverService.java:146)
at org.openqa.selenium.remote.service.DriverService.findExecutable(DriverService.java:141)
at org.openqa.selenium.firefox.GeckoDriverService.access$100(GeckoDriverService.java:44)
at org.openqa.selenium.firefox.GeckoDriverService$Builder.findDefaultExecutable(GeckoDriverService.java:167)
at org.openqa.selenium.remote.service.DriverService$Builder.build(DriverService.java:355)
at org.openqa.selenium.firefox.FirefoxDriver.toExecutor(FirefoxDriver.java:190)
at org.openqa.selenium.firefox.FirefoxDriver.<init>(FirefoxDriver.java:147)
at org.openqa.selenium.firefox.FirefoxDriver.<init>(FirefoxDriver.java:125)
at pom.Baseclass.Firefox(Baseclass.java:22)
at com.vallabh.ExtentTest.launchBrowser(ExtentTest.java:40)
... Removed 24 stack frames]]>
    </failure>
  </testcase> <!-- @BeforeTest launchBrowser -->
  <testcase classname="com.vallabh.ExtentTest" name="logintoApp" time="0.0">
    <skipped/>
  </testcase> <!-- logintoApp -->
</testsuite> <!-- Test2 -->
