<?xml version="1.0" encoding="UTF-8"?>
<!-- Generated by org.testng.reporters.JUnitXMLReporter -->
<testsuite ignored="0" hostname="Vallabh" failures="0" tests="1" name="Test3" time="0.09" errors="0" timestamp="10 Mar 2022 06:03:50 GMT">
  <testcase classname="com.vallabh.ExtentTest" name="@BeforeTest launchBrowser" time="0.076">
    <failure type="java.lang.NullPointerException" message="Cannot invoke &amp;quot;org.openqa.selenium.WebDriver.manage()&amp;quot; because &amp;quot;this.d&amp;quot; is null">
      <![CDATA[java.lang.NullPointerException: Cannot invoke "org.openqa.selenium.WebDriver.manage()" because "this.d" is null
at com.vallabh.ExtentTest.launchBrowser(ExtentTest.java:47)
... Removed 24 stack frames]]>
    </failure>
  </testcase> <!-- @BeforeTest launchBrowser -->
  <testcase classname="com.vallabh.ExtentTest" name="logintoApp" time="0.0">
    <skipped/>
  </testcase> <!-- logintoApp -->
</testsuite> <!-- Test3 -->
