<?xml version="1.0" encoding="UTF-8"?>
<testng-results ignored="0" total="1" passed="1" failed="0" skipped="0">
  <reporter-output>
  </reporter-output>
  <suite started-at="2022-03-06T16:44:37Z" name="Default suite" finished-at="2022-03-06T16:45:44Z" duration-ms="67077">
    <groups>
    </groups>
    <test started-at="2022-03-06T16:44:37Z" name="Default test" finished-at="2022-03-06T16:45:44Z" duration-ms="67077">
      <class name="com.vallabh.GrowwmfTest">
        <test-method is-config="true" signature="startup()[pri:0, instance:com.vallabh.GrowwmfTest@79e4c792]" started-at="2022-03-06T16:44:37Z" name="startup" finished-at="2022-03-06T16:44:55Z" duration-ms="18559" status="PASS">
          <reporter-output>
          </reporter-output>
        </test-method> <!-- startup -->
        <test-method signature="mutualFundsTest()[pri:0, instance:com.vallabh.GrowwmfTest@79e4c792]" started-at="2022-03-06T16:44:55Z" name="mutualFundsTest" finished-at="2022-03-06T16:45:44Z" duration-ms="48411" status="PASS">
          <reporter-output>
          </reporter-output>
        </test-method> <!-- mutualFundsTest -->
      </class> <!-- com.vallabh.GrowwmfTest -->
    </test> <!-- Default test -->
  </suite> <!-- Default suite -->
</testng-results>
