<?xml version="1.0" encoding="UTF-8"?>
<!-- Generated by org.testng.reporters.JUnitXMLReporter -->
<testsuite ignored="0" hostname="Vallabh" failures="0" tests="3" name="Test" time="18.81" errors="0" timestamp="23 Feb 2022 03:46:27 GMT">
  <testcase classname="com.vallabh.TestNGdemo" name="login" time="5.52"/>
  <testcase classname="com.vallabh.TestClassusingTestNG" name="test1" time="0.004"/>
  <testcase classname="com.vallabh.TestClassusingTestNG" name="test2" time="0.001"/>
</testsuite> <!-- Test -->
