<?xml version="1.0" encoding="UTF-8"?>
<!-- Generated by org.testng.reporters.JUnitXMLReporter -->
<testsuite ignored="0" hostname="Vallabh" failures="1" tests="7" name="Test3" time="0.038" errors="0" timestamp="11 Mar 2022 11:02:43 GMT">
  <testcase classname="com.vallabh.TestClassusingTestNG" name="test1" time="0.002"/>
  <testcase classname="com.vallabh.TestClassusingTestNG" name="test2" time="0.0"/>
  <testcase classname="com.vallabh.TestClassusingTestNG" name="test2" time="0.001"/>
  <testcase classname="com.vallabh.TestClassusingTestNG" name="test2" time="0.002"/>
  <testcase classname="com.vallabh.TestClassusingTestNG" name="test4" time="0.002"/>
  <testcase classname="com.vallabh.TestClassusingTestNG" name="test5" time="0.001"/>
  <testcase classname="com.vallabh.TestClassusingTestNG" name="test6" time="0.001">
    <failure type="java.lang.AssertionError" message="null">
      <![CDATA[java.lang.AssertionError: null
at com.vallabh.TestClassusingTestNG.test6(TestClassusingTestNG.java:51)
... Removed 27 stack frames]]>
    </failure>
  </testcase> <!-- test6 -->
</testsuite> <!-- Test3 -->
