<?xml version="1.0" encoding="UTF-8"?>
<testng-results ignored="0" total="1" passed="1" failed="0" skipped="0">
  <reporter-output>
  </reporter-output>
  <suite started-at="2022-02-26T15:02:43Z" name="Default suite" finished-at="2022-02-26T15:02:48Z" duration-ms="4789">
    <groups>
    </groups>
    <test started-at="2022-02-26T15:02:43Z" name="Default test" finished-at="2022-02-26T15:02:48Z" duration-ms="4789">
      <class name="com.vallabh.SbiFunctionsTest">
        <test-method is-config="true" signature="init()[pri:0, instance:com.vallabh.SbiFunctionsTest@53fb3dab]" started-at="2022-02-26T15:02:43Z" name="init" finished-at="2022-02-26T15:02:48Z" duration-ms="4656" status="PASS">
          <reporter-output>
          </reporter-output>
        </test-method> <!-- init -->
        <test-method signature="test1()[pri:0, instance:com.vallabh.SbiFunctionsTest@53fb3dab]" started-at="2022-02-26T15:02:48Z" name="test1" finished-at="2022-02-26T15:02:48Z" duration-ms="112" status="PASS">
          <reporter-output>
          </reporter-output>
        </test-method> <!-- test1 -->
      </class> <!-- com.vallabh.SbiFunctionsTest -->
    </test> <!-- Default test -->
  </suite> <!-- Default suite -->
</testng-results>
